<?xml version="1.0" encoding="UTF-8"?>
<testng-results ignored="0" total="1" passed="1" failed="0" skipped="0">
  <reporter-output>
  </reporter-output>
  <suite started-at="2022-01-20T09:24:50 EET" name="com.proto.tests.TestHome" finished-at="2022-01-20T09:24:59 EET" duration-ms="8793">
    <groups>
    </groups>
    <test started-at="2022-01-20T09:24:50 EET" name="Command line test" finished-at="2022-01-20T09:24:59 EET" duration-ms="8793">
      <class name="com.proto.tests.TestHome">
        <test-method is-config="true" signature="setUp()[pri:0, instance:com.proto.tests.TestHome@15d9bc04]" started-at="2022-01-20T09:24:50 EET" name="setUp" finished-at="2022-01-20T09:24:58 EET" duration-ms="8155" status="PASS">
          <reporter-output>
          </reporter-output>
        </test-method> <!-- setUp -->
        <test-method signature="signingIn()[pri:0, instance:com.proto.tests.TestHome@15d9bc04]" started-at="2022-01-20T09:24:58 EET" name="signingIn" finished-at="2022-01-20T09:24:59 EET" duration-ms="597" status="PASS">
          <reporter-output>
          </reporter-output>
        </test-method> <!-- signingIn -->
        <test-method is-config="true" signature="tearDown()[pri:0, instance:com.proto.tests.TestHome@15d9bc04]" started-at="2022-01-20T09:24:59 EET" name="tearDown" finished-at="2022-01-20T09:24:59 EET" duration-ms="1" status="PASS">
          <reporter-output>
          </reporter-output>
        </test-method> <!-- tearDown -->
      </class> <!-- com.proto.tests.TestHome -->
    </test> <!-- Command line test -->
  </suite> <!-- com.proto.tests.TestHome -->
</testng-results>
