<?xml version="1.0" encoding="UTF-8"?>
<!-- Generated by org.testng.reporters.JUnitXMLReporter -->
<testsuite ignored="0" hostname="LTLT000192" failures="0" tests="1" name="Command line test" time="0.048" errors="0" timestamp="2022-01-20T08:41:03 EET">
  <testcase classname="com.proto.base.BaseTest" name="@BeforeTest setUp" time="0.008">
    <failure type="java.io.FileNotFoundException" message="src\main\resources\testdata.properties (The system cannot find the file specified)">
      <![CDATA[java.io.FileNotFoundException: src\main\resources\testdata.properties (The system cannot find the file specified)
at java.base/java.io.FileInputStream.open0(Native Method)
at java.base/java.io.FileInputStream.open(FileInputStream.java:216)
at java.base/java.io.FileInputStream.<init>(FileInputStream.java:157)
at java.base/java.io.FileInputStream.<init>(FileInputStream.java:111)
at com.proto.util.TestDataReader.getTestData(TestDataReader.java:10)
at com.proto.util.TestDataReader.getBrowser(TestDataReader.java:25)
at com.proto.base.BaseTest.setUp(BaseTest.java:25)
... Removed 33 stack frames]]>
    </failure>
  </testcase> <!-- @BeforeTest setUp -->
  <testcase classname="com.proto.base.BaseTest" name="@AfterTest tearDown" time="-1.642660863723E9">
    <skipped/>
  </testcase> <!-- @AfterTest tearDown -->
  <testcase classname="com.proto.tests.TestHome" name="signingIn" time="0.0">
    <skipped/>
  </testcase> <!-- signingIn -->
</testsuite> <!-- Command line test -->
